{"@timestamp":"2026-03-16T13:33:27.532317+03:00","service":"school-management-1","level":"INFO","thread_name":"main","logger_name":"sau.com.schoolmanagement1.SchoolManagement1Application","message":"Starting SchoolManagement1Application using Java 25.0.2 with PID 2592 (/Users/yasin/Desktop/ders/ahmethoca/school-managmnet-1/target/classes started by yasin in /Users/yasin/Desktop/ders/ahmethoca/school-managmnet-1)"}
{"@timestamp":"2026-03-16T13:33:27.537609+03:00","service":"school-management-1","level":"INFO","thread_name":"main","logger_name":"sau.com.schoolmanagement1.SchoolManagement1Application","message":"No active profile set, falling back to 1 default profile: \"default\""}
{"@timestamp":"2026-03-16T13:33:27.63571+03:00","service":"school-management-1","level":"INFO","thread_name":"background-preinit","logger_name":"org.hibernate.validator.internal.util.Version","message":"HV000001: Hibernate Validator 9.0.1.Final"}
{"@timestamp":"2026-03-16T13:33:27.949885+03:00","service":"school-management-1","level":"INFO","thread_name":"main","logger_name":"org.springframework.data.repository.config.RepositoryConfigurationDelegate","message":"Bootstrapping Spring Data JPA repositories in DEFAULT mode."}
{"@timestamp":"2026-03-16T13:33:27.980168+03:00","service":"school-management-1","level":"INFO","thread_name":"main","logger_name":"org.springframework.data.repository.config.RepositoryConfigurationDelegate","message":"Finished Spring Data repository scanning in 25 ms. Found 3 JPA repository interfaces."}
{"@timestamp":"2026-03-16T13:33:28.208554+03:00","service":"school-management-1","level":"INFO","thread_name":"main","logger_name":"org.springframework.boot.tomcat.TomcatWebServer","message":"Tomcat initialized with port 80 (http)"}
{"@timestamp":"2026-03-16T13:33:28.216262+03:00","service":"school-management-1","level":"INFO","thread_name":"main","logger_name":"org.apache.coyote.http11.Http11NioProtocol","message":"Initializing ProtocolHandler [\"http-nio-80\"]"}
{"@timestamp":"2026-03-16T13:33:28.217037+03:00","service":"school-management-1","level":"INFO","thread_name":"main","logger_name":"org.apache.catalina.core.StandardService","message":"Starting service [Tomcat]"}
{"@timestamp":"2026-03-16T13:33:28.217219+03:00","service":"school-management-1","level":"INFO","thread_name":"main","logger_name":"org.apache.catalina.core.StandardEngine","message":"Starting Servlet engine: [Apache Tomcat/11.0.18]"}
{"@timestamp":"2026-03-16T13:33:28.241324+03:00","service":"school-management-1","level":"INFO","thread_name":"main","logger_name":"org.springframework.boot.web.context.servlet.WebApplicationContextInitializer","message":"Root WebApplicationContext: initialization completed in 680 ms"}
{"@timestamp":"2026-03-16T13:33:28.33687+03:00","service":"school-management-1","level":"INFO","thread_name":"main","logger_name":"org.hibernate.orm.jpa","message":"HHH008540: Processing PersistenceUnitInfo [name: default]"}
{"@timestamp":"2026-03-16T13:33:28.364512+03:00","service":"school-management-1","level":"INFO","thread_name":"main","logger_name":"org.hibernate.orm.core","message":"HHH000001: Hibernate ORM core version 7.2.4.Final"}
{"@timestamp":"2026-03-16T13:33:28.598088+03:00","service":"school-management-1","level":"INFO","thread_name":"main","logger_name":"org.springframework.orm.jpa.persistenceunit.SpringPersistenceUnitInfo","message":"No LoadTimeWeaver setup: ignoring JPA class transformer"}
{"@timestamp":"2026-03-16T13:33:28.615606+03:00","service":"school-management-1","level":"INFO","thread_name":"main","logger_name":"com.zaxxer.hikari.HikariDataSource","message":"HikariPool-1 - Starting..."}
{"@timestamp":"2026-03-16T13:33:28.659842+03:00","service":"school-management-1","level":"INFO","thread_name":"main","logger_name":"com.zaxxer.hikari.pool.HikariPool","message":"HikariPool-1 - Added connection org.postgresql.jdbc.PgConnection@642614b7"}
{"@timestamp":"2026-03-16T13:33:28.660586+03:00","service":"school-management-1","level":"INFO","thread_name":"main","logger_name":"com.zaxxer.hikari.HikariDataSource","message":"HikariPool-1 - Start completed."}
{"@timestamp":"2026-03-16T13:33:28.701761+03:00","service":"school-management-1","level":"INFO","thread_name":"main","logger_name":"org.hibernate.orm.connections.pooling","message":"HHH10001005: Database info:\n\tDatabase JDBC URL [jdbc:postgresql://localhost:5432/schooldb]\n\tDatabase driver: PostgreSQL JDBC Driver\n\tDatabase dialect: PostgreSQLDialect\n\tDatabase version: 18.3\n\tDefault catalog/schema: schooldb/public\n\tAutocommit mode: undefined/unknown\n\tIsolation level: READ_COMMITTED [default READ_COMMITTED]\n\tJDBC fetch size: none\n\tPool: DataSourceConnectionProvider\n\tMinimum pool size: undefined/unknown\n\tMaximum pool size: undefined/unknown"}
{"@timestamp":"2026-03-16T13:33:29.278126+03:00","service":"school-management-1","level":"INFO","thread_name":"main","logger_name":"org.hibernate.orm.core","message":"HHH000489: No JTA platform available (set 'hibernate.transaction.jta.platform' to enable JTA platform integration)"}
{"@timestamp":"2026-03-16T13:33:29.343513+03:00","service":"school-management-1","level":"INFO","thread_name":"main","logger_name":"org.springframework.orm.jpa.LocalContainerEntityManagerFactoryBean","message":"Initialized JPA EntityManagerFactory for persistence unit 'default'"}
{"@timestamp":"2026-03-16T13:33:29.389841+03:00","service":"school-management-1","level":"INFO","thread_name":"main","logger_name":"org.springframework.data.jpa.repository.query.QueryEnhancerFactories","message":"Hibernate is in classpath; If applicable, HQL parser will be used."}
{"@timestamp":"2026-03-16T13:33:29.864931+03:00","service":"school-management-1","level":"INFO","thread_name":"main","logger_name":"org.apache.coyote.http11.Http11NioProtocol","message":"Starting ProtocolHandler [\"http-nio-80\"]"}
{"@timestamp":"2026-03-16T13:33:29.873054+03:00","service":"school-management-1","level":"INFO","thread_name":"main","logger_name":"org.springframework.boot.tomcat.TomcatWebServer","message":"Tomcat started on port 80 (http) with context path '/'"}
{"@timestamp":"2026-03-16T13:33:29.878304+03:00","service":"school-management-1","level":"INFO","thread_name":"main","logger_name":"sau.com.schoolmanagement1.SchoolManagement1Application","message":"Started SchoolManagement1Application in 2.873 seconds (process running for 3.297)"}
{"@timestamp":"2026-03-16T13:33:29.879711+03:00","service":"school-management-1","level":"WARN","thread_name":"main","logger_name":"org.springdoc.core.events.SpringDocAppInitializer","message":"SpringDoc /v3/api-docs endpoint is enabled by default. To disable it in production, set the property 'springdoc.api-docs.enabled=false'"}
{"@timestamp":"2026-03-16T13:33:29.879855+03:00","service":"school-management-1","level":"WARN","thread_name":"main","logger_name":"org.springdoc.core.events.SpringDocAppInitializer","message":"SpringDoc /swagger-ui.html endpoint is enabled by default. To disable it in production, set the property 'springdoc.swagger-ui.enabled=false'"}
{"@timestamp":"2026-03-16T13:33:44.579181+03:00","service":"school-management-1","level":"INFO","thread_name":"SpringApplicationShutdownHook","logger_name":"org.springframework.boot.tomcat.GracefulShutdown","message":"Commencing graceful shutdown. Waiting for active requests to complete"}
{"@timestamp":"2026-03-16T13:33:44.584477+03:00","service":"school-management-1","level":"INFO","thread_name":"tomcat-shutdown","logger_name":"org.springframework.boot.tomcat.GracefulShutdown","message":"Graceful shutdown complete"}
{"@timestamp":"2026-03-16T13:33:44.588238+03:00","service":"school-management-1","level":"INFO","thread_name":"SpringApplicationShutdownHook","logger_name":"org.springframework.orm.jpa.LocalContainerEntityManagerFactoryBean","message":"Closing JPA EntityManagerFactory for persistence unit 'default'"}
{"@timestamp":"2026-03-16T13:33:44.589823+03:00","service":"school-management-1","level":"INFO","thread_name":"SpringApplicationShutdownHook","logger_name":"com.zaxxer.hikari.HikariDataSource","message":"HikariPool-1 - Shutdown initiated..."}
{"@timestamp":"2026-03-16T13:33:44.591207+03:00","service":"school-management-1","level":"INFO","thread_name":"SpringApplicationShutdownHook","logger_name":"com.zaxxer.hikari.HikariDataSource","message":"HikariPool-1 - Shutdown completed."}
{"@timestamp":"2026-03-16T13:34:24.117355+03:00","service":"school-management-1","level":"INFO","thread_name":"main","logger_name":"sau.com.schoolmanagement1.SchoolManagement1Application","message":"Starting SchoolManagement1Application using Java 25.0.2 with PID 2619 (/Users/yasin/Desktop/ders/ahmethoca/school-managmnet-1/target/classes started by yasin in /Users/yasin/Desktop/ders/ahmethoca/school-managmnet-1)"}
{"@timestamp":"2026-03-16T13:34:24.121714+03:00","service":"school-management-1","level":"INFO","thread_name":"main","logger_name":"sau.com.schoolmanagement1.SchoolManagement1Application","message":"No active profile set, falling back to 1 default profile: \"default\""}
{"@timestamp":"2026-03-16T13:34:24.214891+03:00","service":"school-management-1","level":"INFO","thread_name":"background-preinit","logger_name":"org.hibernate.validator.internal.util.Version","message":"HV000001: Hibernate Validator 9.0.1.Final"}
{"@timestamp":"2026-03-16T13:34:24.526216+03:00","service":"school-management-1","level":"INFO","thread_name":"main","logger_name":"org.springframework.data.repository.config.RepositoryConfigurationDelegate","message":"Bootstrapping Spring Data JPA repositories in DEFAULT mode."}
{"@timestamp":"2026-03-16T13:34:24.555597+03:00","service":"school-management-1","level":"INFO","thread_name":"main","logger_name":"org.springframework.data.repository.config.RepositoryConfigurationDelegate","message":"Finished Spring Data repository scanning in 25 ms. Found 3 JPA repository interfaces."}
{"@timestamp":"2026-03-16T13:34:24.774031+03:00","service":"school-management-1","level":"INFO","thread_name":"main","logger_name":"org.springframework.boot.tomcat.TomcatWebServer","message":"Tomcat initialized with port 80 (http)"}
{"@timestamp":"2026-03-16T13:34:24.781419+03:00","service":"school-management-1","level":"INFO","thread_name":"main","logger_name":"org.apache.coyote.http11.Http11NioProtocol","message":"Initializing ProtocolHandler [\"http-nio-80\"]"}
{"@timestamp":"2026-03-16T13:34:24.782183+03:00","service":"school-management-1","level":"INFO","thread_name":"main","logger_name":"org.apache.catalina.core.StandardService","message":"Starting service [Tomcat]"}
{"@timestamp":"2026-03-16T13:34:24.782373+03:00","service":"school-management-1","level":"INFO","thread_name":"main","logger_name":"org.apache.catalina.core.StandardEngine","message":"Starting Servlet engine: [Apache Tomcat/11.0.18]"}
{"@timestamp":"2026-03-16T13:34:24.805947+03:00","service":"school-management-1","level":"INFO","thread_name":"main","logger_name":"org.springframework.boot.web.context.servlet.WebApplicationContextInitializer","message":"Root WebApplicationContext: initialization completed in 659 ms"}
{"@timestamp":"2026-03-16T13:34:24.897991+03:00","service":"school-management-1","level":"INFO","thread_name":"main","logger_name":"org.hibernate.orm.jpa","message":"HHH008540: Processing PersistenceUnitInfo [name: default]"}
{"@timestamp":"2026-03-16T13:34:24.924845+03:00","service":"school-management-1","level":"INFO","thread_name":"main","logger_name":"org.hibernate.orm.core","message":"HHH000001: Hibernate ORM core version 7.2.4.Final"}
{"@timestamp":"2026-03-16T13:34:25.162531+03:00","service":"school-management-1","level":"INFO","thread_name":"main","logger_name":"org.springframework.orm.jpa.persistenceunit.SpringPersistenceUnitInfo","message":"No LoadTimeWeaver setup: ignoring JPA class transformer"}
{"@timestamp":"2026-03-16T13:34:25.180251+03:00","service":"school-management-1","level":"INFO","thread_name":"main","logger_name":"com.zaxxer.hikari.HikariDataSource","message":"HikariPool-1 - Starting..."}
{"@timestamp":"2026-03-16T13:34:25.227234+03:00","service":"school-management-1","level":"INFO","thread_name":"main","logger_name":"com.zaxxer.hikari.pool.HikariPool","message":"HikariPool-1 - Added connection org.postgresql.jdbc.PgConnection@1bfafce1"}
{"@timestamp":"2026-03-16T13:34:25.228023+03:00","service":"school-management-1","level":"INFO","thread_name":"main","logger_name":"com.zaxxer.hikari.HikariDataSource","message":"HikariPool-1 - Start completed."}
{"@timestamp":"2026-03-16T13:34:25.270055+03:00","service":"school-management-1","level":"INFO","thread_name":"main","logger_name":"org.hibernate.orm.connections.pooling","message":"HHH10001005: Database info:\n\tDatabase JDBC URL [jdbc:postgresql://localhost:5432/schooldb]\n\tDatabase driver: PostgreSQL JDBC Driver\n\tDatabase dialect: PostgreSQLDialect\n\tDatabase version: 18.3\n\tDefault catalog/schema: schooldb/public\n\tAutocommit mode: undefined/unknown\n\tIsolation level: READ_COMMITTED [default READ_COMMITTED]\n\tJDBC fetch size: none\n\tPool: DataSourceConnectionProvider\n\tMinimum pool size: undefined/unknown\n\tMaximum pool size: undefined/unknown"}
{"@timestamp":"2026-03-16T13:34:25.846355+03:00","service":"school-management-1","level":"INFO","thread_name":"main","logger_name":"org.hibernate.orm.core","message":"HHH000489: No JTA platform available (set 'hibernate.transaction.jta.platform' to enable JTA platform integration)"}
{"@timestamp":"2026-03-16T13:34:25.917961+03:00","service":"school-management-1","level":"INFO","thread_name":"main","logger_name":"org.springframework.orm.jpa.LocalContainerEntityManagerFactoryBean","message":"Initialized JPA EntityManagerFactory for persistence unit 'default'"}
{"@timestamp":"2026-03-16T13:34:25.963957+03:00","service":"school-management-1","level":"INFO","thread_name":"main","logger_name":"org.springframework.data.jpa.repository.query.QueryEnhancerFactories","message":"Hibernate is in classpath; If applicable, HQL parser will be used."}
{"@timestamp":"2026-03-16T13:34:26.43927+03:00","service":"school-management-1","level":"INFO","thread_name":"main","logger_name":"org.apache.coyote.http11.Http11NioProtocol","message":"Starting ProtocolHandler [\"http-nio-80\"]"}
{"@timestamp":"2026-03-16T13:34:26.446852+03:00","service":"school-management-1","level":"INFO","thread_name":"main","logger_name":"org.springframework.boot.tomcat.TomcatWebServer","message":"Tomcat started on port 80 (http) with context path '/'"}
{"@timestamp":"2026-03-16T13:34:26.451837+03:00","service":"school-management-1","level":"INFO","thread_name":"main","logger_name":"sau.com.schoolmanagement1.SchoolManagement1Application","message":"Started SchoolManagement1Application in 2.885 seconds (process running for 3.385)"}
{"@timestamp":"2026-03-16T13:34:26.453177+03:00","service":"school-management-1","level":"WARN","thread_name":"main","logger_name":"org.springdoc.core.events.SpringDocAppInitializer","message":"SpringDoc /v3/api-docs endpoint is enabled by default. To disable it in production, set the property 'springdoc.api-docs.enabled=false'"}
{"@timestamp":"2026-03-16T13:34:26.453329+03:00","service":"school-management-1","level":"WARN","thread_name":"main","logger_name":"org.springdoc.core.events.SpringDocAppInitializer","message":"SpringDoc /swagger-ui.html endpoint is enabled by default. To disable it in production, set the property 'springdoc.swagger-ui.enabled=false'"}
{"@timestamp":"2026-03-16T13:34:37.808621+03:00","service":"school-management-1","level":"INFO","thread_name":"http-nio-80-exec-2","logger_name":"org.apache.catalina.core.ContainerBase.[Tomcat].[localhost].[/]","message":"Initializing Spring DispatcherServlet 'dispatcherServlet'"}
{"@timestamp":"2026-03-16T13:34:37.809078+03:00","service":"school-management-1","level":"INFO","thread_name":"http-nio-80-exec-2","logger_name":"org.springframework.web.servlet.DispatcherServlet","message":"Initializing Servlet 'dispatcherServlet'"}
{"@timestamp":"2026-03-16T13:34:37.810446+03:00","service":"school-management-1","level":"INFO","thread_name":"http-nio-80-exec-2","logger_name":"org.springframework.web.servlet.DispatcherServlet","message":"Completed initialization in 1 ms"}
{"@timestamp":"2026-03-16T13:34:37.812724+03:00","service":"school-management-1","level":"INFO","thread_name":"http-nio-80-exec-2","logger_name":"sau.com.schoolmanagement1.filter.RequestLoggingFilter","message":"REQUEST START | method=GET | uri=/api/students","requestId":"7f09b33e-b4fd-4d91-8858-8ce2e3782e8f"}
{"@timestamp":"2026-03-16T13:34:37.832976+03:00","service":"school-management-1","level":"INFO","thread_name":"http-nio-80-exec-2","logger_name":"sau.com.schoolmanagement1.service.impl.StudentServiceImpl","message":"STUDENT GET ALL START","requestId":"7f09b33e-b4fd-4d91-8858-8ce2e3782e8f"}
{"@timestamp":"2026-03-16T13:34:37.948658+03:00","service":"school-management-1","level":"INFO","thread_name":"http-nio-80-exec-2","logger_name":"sau.com.schoolmanagement1.service.impl.StudentServiceImpl","message":"STUDENT GET ALL SUCCESS | count=15","requestId":"7f09b33e-b4fd-4d91-8858-8ce2e3782e8f"}
{"@timestamp":"2026-03-16T13:34:37.993559+03:00","service":"school-management-1","level":"INFO","thread_name":"http-nio-80-exec-2","logger_name":"sau.com.schoolmanagement1.filter.RequestLoggingFilter","message":"REQUEST END | method=GET | uri=/api/students | status=200 | duration=181 ms","requestId":"7f09b33e-b4fd-4d91-8858-8ce2e3782e8f"}
{"@timestamp":"2026-03-16T13:34:43.936795+03:00","service":"school-management-1","level":"INFO","thread_name":"http-nio-80-exec-3","logger_name":"sau.com.schoolmanagement1.filter.RequestLoggingFilter","message":"REQUEST START | method=POST | uri=/api/students","requestId":"f23fa36a-dd02-4603-b8ea-ef6da3b6ebde"}
{"@timestamp":"2026-03-16T13:34:43.994538+03:00","service":"school-management-1","level":"INFO","thread_name":"http-nio-80-exec-3","logger_name":"sau.com.schoolmanagement1.service.impl.StudentServiceImpl","message":"STUDENT CREATE START | studentNumber=B221202032","requestId":"f23fa36a-dd02-4603-b8ea-ef6da3b6ebde"}
{"@timestamp":"2026-03-16T13:34:44.196067+03:00","service":"school-management-1","level":"INFO","thread_name":"http-nio-80-exec-3","logger_name":"sau.com.schoolmanagement1.service.impl.StudentServiceImpl","message":"STUDENT CREATE SUCCESS | id=17 | studentNumber=B221202032","requestId":"f23fa36a-dd02-4603-b8ea-ef6da3b6ebde"}
{"@timestamp":"2026-03-16T13:34:44.212701+03:00","service":"school-management-1","level":"INFO","thread_name":"http-nio-80-exec-3","logger_name":"sau.com.schoolmanagement1.filter.RequestLoggingFilter","message":"REQUEST END | method=POST | uri=/api/students | status=201 | duration=276 ms","requestId":"f23fa36a-dd02-4603-b8ea-ef6da3b6ebde"}
{"@timestamp":"2026-03-16T13:34:48.745023+03:00","service":"school-management-1","level":"INFO","thread_name":"http-nio-80-exec-4","logger_name":"sau.com.schoolmanagement1.filter.RequestLoggingFilter","message":"REQUEST START | method=POST | uri=/api/students","requestId":"dd919ca5-abaa-46ec-8eb3-67ed4dc656c8"}
{"@timestamp":"2026-03-16T13:34:48.747184+03:00","service":"school-management-1","level":"INFO","thread_name":"http-nio-80-exec-4","logger_name":"sau.com.schoolmanagement1.service.impl.StudentServiceImpl","message":"STUDENT CREATE START | studentNumber=B221202032","requestId":"dd919ca5-abaa-46ec-8eb3-67ed4dc656c8"}
{"@timestamp":"2026-03-16T13:34:48.751351+03:00","service":"school-management-1","level":"WARN","thread_name":"http-nio-80-exec-4","logger_name":"sau.com.schoolmanagement1.service.impl.StudentServiceImpl","message":"STUDENT CREATE CONFLICT | studentNumber=B221202032","requestId":"dd919ca5-abaa-46ec-8eb3-67ed4dc656c8"}
{"@timestamp":"2026-03-16T13:34:48.766738+03:00","service":"school-management-1","level":"INFO","thread_name":"http-nio-80-exec-4","logger_name":"sau.com.schoolmanagement1.filter.RequestLoggingFilter","message":"REQUEST END | method=POST | uri=/api/students | status=409 | duration=22 ms","requestId":"dd919ca5-abaa-46ec-8eb3-67ed4dc656c8"}
{"@timestamp":"2026-03-16T13:34:58.428189+03:00","service":"school-management-1","level":"INFO","thread_name":"http-nio-80-exec-5","logger_name":"sau.com.schoolmanagement1.filter.RequestLoggingFilter","message":"REQUEST START | method=POST | uri=/api/enrollments","requestId":"0e04820c-9217-4d24-9a98-6afb3cee6c33"}
{"@timestamp":"2026-03-16T13:34:58.455445+03:00","service":"school-management-1","level":"INFO","thread_name":"http-nio-80-exec-5","logger_name":"sau.com.schoolmanagement1.service.impl.EnrollmentServiceImpl","message":"ENROLLMENT CREATE START | studentId=8 | courseId=3 | academicYear=2026 | term=FALL","requestId":"0e04820c-9217-4d24-9a98-6afb3cee6c33"}
{"@timestamp":"2026-03-16T13:34:58.481268+03:00","service":"school-management-1","level":"INFO","thread_name":"http-nio-80-exec-5","logger_name":"sau.com.schoolmanagement1.service.impl.EnrollmentServiceImpl","message":"ENROLLMENT CREATE SUCCESS | id=31 | studentId=8 | courseId=3","requestId":"0e04820c-9217-4d24-9a98-6afb3cee6c33"}
{"@timestamp":"2026-03-16T13:34:58.486538+03:00","service":"school-management-1","level":"INFO","thread_name":"http-nio-80-exec-5","logger_name":"sau.com.schoolmanagement1.filter.RequestLoggingFilter","message":"REQUEST END | method=POST | uri=/api/enrollments | status=201 | duration=58 ms","requestId":"0e04820c-9217-4d24-9a98-6afb3cee6c33"}
{"@timestamp":"2026-03-16T13:35:04.832399+03:00","service":"school-management-1","level":"INFO","thread_name":"http-nio-80-exec-6","logger_name":"sau.com.schoolmanagement1.filter.RequestLoggingFilter","message":"REQUEST START | method=POST | uri=/api/enrollments","requestId":"78c3154a-7b8e-4e00-a359-20a459bf0314"}
{"@timestamp":"2026-03-16T13:35:04.835454+03:00","service":"school-management-1","level":"INFO","thread_name":"http-nio-80-exec-6","logger_name":"sau.com.schoolmanagement1.service.impl.EnrollmentServiceImpl","message":"ENROLLMENT CREATE START | studentId=8 | courseId=3 | academicYear=2026 | term=FALL","requestId":"78c3154a-7b8e-4e00-a359-20a459bf0314"}
{"@timestamp":"2026-03-16T13:35:04.841624+03:00","service":"school-management-1","level":"WARN","thread_name":"http-nio-80-exec-6","logger_name":"sau.com.schoolmanagement1.service.impl.EnrollmentServiceImpl","message":"ENROLLMENT CREATE CONFLICT | studentId=8 | courseId=3 | academicYear=2026 | term=FALL","requestId":"78c3154a-7b8e-4e00-a359-20a459bf0314"}
{"@timestamp":"2026-03-16T13:35:04.84447+03:00","service":"school-management-1","level":"INFO","thread_name":"http-nio-80-exec-6","logger_name":"sau.com.schoolmanagement1.filter.RequestLoggingFilter","message":"REQUEST END | method=POST | uri=/api/enrollments | status=409 | duration=12 ms","requestId":"78c3154a-7b8e-4e00-a359-20a459bf0314"}
{"@timestamp":"2026-03-16T13:36:36.878414+03:00","service":"school-management-1","level":"INFO","thread_name":"http-nio-80-exec-9","logger_name":"sau.com.schoolmanagement1.filter.RequestLoggingFilter","message":"REQUEST START | method=POST | uri=/api/enrollments","requestId":"9e25e41b-4015-4afd-af4f-6e29f8eaaf68"}
{"@timestamp":"2026-03-16T13:36:36.881389+03:00","service":"school-management-1","level":"INFO","thread_name":"http-nio-80-exec-9","logger_name":"sau.com.schoolmanagement1.service.impl.EnrollmentServiceImpl","message":"ENROLLMENT CREATE START | studentId=56 | courseId=3 | academicYear=2026 | term=FALL","requestId":"9e25e41b-4015-4afd-af4f-6e29f8eaaf68"}
{"@timestamp":"2026-03-16T13:36:36.883795+03:00","service":"school-management-1","level":"WARN","thread_name":"http-nio-80-exec-9","logger_name":"sau.com.schoolmanagement1.service.impl.EnrollmentServiceImpl","message":"ENROLLMENT CREATE STUDENT NOT FOUND | studentId=56","requestId":"9e25e41b-4015-4afd-af4f-6e29f8eaaf68"}
{"@timestamp":"2026-03-16T13:36:36.886525+03:00","service":"school-management-1","level":"INFO","thread_name":"http-nio-80-exec-9","logger_name":"sau.com.schoolmanagement1.filter.RequestLoggingFilter","message":"REQUEST END | method=POST | uri=/api/enrollments | status=404 | duration=8 ms","requestId":"9e25e41b-4015-4afd-af4f-6e29f8eaaf68"}
{"@timestamp":"2026-03-16T13:39:27.993088+03:00","service":"school-management-1","level":"INFO","thread_name":"SpringApplicationShutdownHook","logger_name":"org.springframework.boot.tomcat.GracefulShutdown","message":"Commencing graceful shutdown. Waiting for active requests to complete"}
{"@timestamp":"2026-03-16T13:39:27.998093+03:00","service":"school-management-1","level":"INFO","thread_name":"tomcat-shutdown","logger_name":"org.springframework.boot.tomcat.GracefulShutdown","message":"Graceful shutdown complete"}
{"@timestamp":"2026-03-16T13:39:28.001273+03:00","service":"school-management-1","level":"INFO","thread_name":"SpringApplicationShutdownHook","logger_name":"org.springframework.orm.jpa.LocalContainerEntityManagerFactoryBean","message":"Closing JPA EntityManagerFactory for persistence unit 'default'"}
{"@timestamp":"2026-03-16T13:39:28.002768+03:00","service":"school-management-1","level":"INFO","thread_name":"SpringApplicationShutdownHook","logger_name":"com.zaxxer.hikari.HikariDataSource","message":"HikariPool-1 - Shutdown initiated..."}
{"@timestamp":"2026-03-16T13:39:28.003716+03:00","service":"school-management-1","level":"INFO","thread_name":"SpringApplicationShutdownHook","logger_name":"com.zaxxer.hikari.HikariDataSource","message":"HikariPool-1 - Shutdown completed."}
